<?xml version="1.0" encoding="UTF-8"?>
<!-- Generated by org.testng.reporters.JUnitXMLReporter -->
<testsuite hostname="DESKTOP-3ORHPO1" ignored="1" name="smoke Test" tests="1" failures="0" timestamp="2022-12-13T08:52:48 GMT" time="10.679" errors="0">
  <testcase name="verifyTheErrorMessage" time="3.488" classname="com.ultimateqa.courses.testsuite.LoginPageTest"/>
  <testcase name="userShouldNavigateToLoginPageSuccessfully" time="0.0" classname="com.ultimateqa.courses.testsuite.LoginPageTest">
    <ignored/>
  </testcase> <!-- userShouldNavigateToLoginPageSuccessfully -->
</testsuite> <!-- smoke Test -->
