<?xml version="1.0" encoding="UTF-8"?>
<!-- Generated by org.testng.reporters.JUnitXMLReporter -->
<testsuite hostname="DESKTOP-3ORHPO1" ignored="1" name="Sanity Test" tests="1" failures="0" timestamp="2022-12-13T08:52:23 GMT" time="9.227" errors="0">
  <testcase name="userShouldNavigateToLoginPageSuccessfully" time="1.707" classname="com.ultimateqa.courses.testsuite.LoginPageTest"/>
  <testcase name="verifyTheErrorMessage" time="0.0" classname="com.ultimateqa.courses.testsuite.LoginPageTest">
    <ignored/>
  </testcase> <!-- verifyTheErrorMessage -->
</testsuite> <!-- Sanity Test -->
