<?xml version="1.0" encoding="UTF-8"?>
<!-- Generated by org.testng.reporters.JUnitXMLReporter -->
<testsuite hostname="DESKTOP-3ORHPO1" ignored="0" name="Regression Test" tests="2" failures="0" timestamp="2022-12-13T08:52:01 GMT" time="18.033" errors="0">
  <testcase name="userShouldNavigateToLoginPageSuccessfully" time="1.766" classname="com.ultimateqa.courses.testsuite.LoginPageTest"/>
  <testcase name="verifyTheErrorMessage" time="4.188" classname="com.ultimateqa.courses.testsuite.LoginPageTest"/>
</testsuite> <!-- Regression Test -->
